<?xml version="1.0" encoding="UTF-8"?>
<testng-results skipped="0" failed="0" total="1" passed="1">
  <reporter-output>
  </reporter-output>
  <suite name="Default suite" duration-ms="169620" started-at="2018-09-19T19:47:57Z" finished-at="2018-09-19T19:50:46Z">
    <groups>
    </groups>
    <test name="Default test" duration-ms="169620" started-at="2018-09-19T19:47:57Z" finished-at="2018-09-19T19:50:46Z">
      <class name="com.automation.panorama.VerifyPaymentReportTestCaseNo9">
        <test-method status="PASS" signature="beforeTest()[pri:0, instance:com.automation.panorama.VerifyPaymentReportTestCaseNo9@47c62251]" name="beforeTest" is-config="true" duration-ms="27130" started-at="2018-09-20T01:17:57Z" finished-at="2018-09-20T01:18:24Z">
          <reporter-output>
          </reporter-output>
        </test-method> <!-- beforeTest -->
        <test-method status="PASS" signature="VerifyPaymentReport()[pri:0, instance:com.automation.panorama.VerifyPaymentReportTestCaseNo9@47c62251]" name="VerifyPaymentReport" duration-ms="142450" started-at="2018-09-20T01:18:24Z" finished-at="2018-09-20T01:20:46Z">
          <reporter-output>
          </reporter-output>
        </test-method> <!-- VerifyPaymentReport -->
        <test-method status="PASS" signature="Logout()[pri:0, instance:com.automation.panorama.VerifyPaymentReportTestCaseNo9@47c62251]" name="Logout" is-config="true" duration-ms="0" started-at="2018-09-20T01:20:46Z" finished-at="2018-09-20T01:20:46Z">
          <reporter-output>
          </reporter-output>
        </test-method> <!-- Logout -->
      </class> <!-- com.automation.panorama.VerifyPaymentReportTestCaseNo9 -->
    </test> <!-- Default test -->
  </suite> <!-- Default suite -->
</testng-results>
